<html>
<head>
<title>TestNG:  Command line test</title>
<link href="../testng.css" rel="stylesheet" type="text/css" />
<link href="../my-testng.css" rel="stylesheet" type="text/css" />

<style type="text/css">
.log { display: none;} 
.stack-trace { display: none;} 
</style>
<script type="text/javascript">
<!--
function flip(e) {
  current = e.style.display;
  if (current == 'block') {
    e.style.display = 'none';
    return 0;
  }
  else {
    e.style.display = 'block';
    return 1;
  }
}

function toggleBox(szDivId, elem, msg1, msg2)
{
  var res = -1;  if (document.getElementById) {
    res = flip(document.getElementById(szDivId));
  }
  else if (document.all) {
    // this is the way old msie versions work
    res = flip(document.all[szDivId]);
  }
  if(elem) {
    if(res == 0) elem.innerHTML = msg1; else elem.innerHTML = msg2;
  }

}

function toggleAllBoxes() {
  if (document.getElementsByTagName) {
    d = document.getElementsByTagName('div');
    for (i = 0; i < d.length; i++) {
      if (d[i].className == 'log') {
        flip(d[i]);
      }
    }
  }
}

// -->
</script>

</head>
<body>
<h2 align='center'>Command line test</h2><table border='1' align="center">
<tr>
<td>Tests passed/Failed/Skipped:</td><td>0/2/0</td>
</tr><tr>
<td>Started on:</td><td>Thu Jun 10 15:17:29 EDT 2021</td>
</tr>
<tr><td>Total time:</td><td>140 seconds (140955 ms)</td>
</tr><tr>
<td>Included groups:</td><td></td>
</tr><tr>
<td>Excluded groups:</td><td></td>
</tr>
</table><p/>
<small><i>(Hover the method name to see the test class name)</i></small><p/>
<table width='100%' border='1' class='invocation-failed'>
<tr><td colspan='4' align='center'><b>FAILED TESTS</b></td></tr>
<tr><td><b>Test method</b></td>
<td width="30%"><b>Exception</b></td>
<td width="10%"><b>Time (seconds)</b></td>
<td><b>Instance</b></td>
</tr>
<tr>
<td title='ca.elecsoft.seeding.SeedQA3.seedOrder()'><b>seedOrder</b><br>Test class: ca.elecsoft.seeding.SeedQA3<br>Parameters: DataSeedModel{requestType='Residential', workOrderType='Provisioning', workOrderSubType='Install - Wireless / Installation - Sans fil', serviceLocationtype='Security', province='ON', bundle='Q-GOOD', includedChoice='NA', addtionalItem=[], promotions=[], postalCode='M4V1C7', paymentMethod='Debit'}<br/>
<a href="#Output-26686617" onClick='toggleBox("Output-26686617", this, "Show output", "Hide output");'>Show output</a>

<a href="#Output-26686617" onClick="toggleAllBoxes();">Show all outputs</a>
<div class='log' id="Output-26686617">
org.openqa.selenium.TimeoutException: Expected condition failed: waiting for presence of element located by: By.xpath: //select[@aria-label="Service Location Type"] (tried for 20 second(s) with 500 milliseconds interval)<br/>
</div>
</td>
<td><div><pre>java.lang.AssertionError: did not expect [error] but found [error]
	at ca.elecsoft.seeding.SeedQA3.seedOrder(SeedQA3.java:65)
	at java.util.ArrayList.forEach(ArrayList.java:1257)
	at ca.elecsoft.seeding.MainSeed.main(MainSeed.java:16)
... Removed 27 stack frames</pre></div><a href='#' onClick='toggleBox("stack-trace26686617", this, "Click to show all stack frames", "Click to hide stack frames")'>Click to show all stack frames</a>
<div class='stack-trace' id='stack-trace26686617'><pre>java.lang.AssertionError: did not expect [error] but found [error]
	at org.testng.Assert.fail(Assert.java:97)
	at org.testng.Assert.assertNotEquals(Assert.java:1399)
	at org.testng.Assert.assertNotEquals(Assert.java:1404)
	at ca.elecsoft.seeding.SeedQA3.seedOrder(SeedQA3.java:65)
	at sun.reflect.NativeMethodAccessorImpl.invoke0(Native Method)
	at sun.reflect.NativeMethodAccessorImpl.invoke(NativeMethodAccessorImpl.java:62)
	at sun.reflect.DelegatingMethodAccessorImpl.invoke(DelegatingMethodAccessorImpl.java:43)
	at java.lang.reflect.Method.invoke(Method.java:498)
	at org.testng.internal.MethodInvocationHelper.invokeMethod(MethodInvocationHelper.java:134)
	at org.testng.internal.TestInvoker.invokeMethod(TestInvoker.java:597)
	at org.testng.internal.TestInvoker.invokeTestMethod(TestInvoker.java:173)
	at org.testng.internal.MethodRunner.runInSequence(MethodRunner.java:46)
	at org.testng.internal.TestInvoker$MethodInvocationAgent.invoke(TestInvoker.java:816)
	at org.testng.internal.TestInvoker.invokeTestMethods(TestInvoker.java:146)
	at org.testng.internal.TestMethodWorker.invokeTestMethods(TestMethodWorker.java:146)
	at org.testng.internal.TestMethodWorker.run(TestMethodWorker.java:128)
	at java.util.ArrayList.forEach(ArrayList.java:1257)
	at org.testng.TestRunner.privateRun(TestRunner.java:766)
	at org.testng.TestRunner.run(TestRunner.java:587)
	at org.testng.SuiteRunner.runTest(SuiteRunner.java:384)
	at org.testng.SuiteRunner.runSequentially(SuiteRunner.java:378)
	at org.testng.SuiteRunner.privateRun(SuiteRunner.java:337)
	at org.testng.SuiteRunner.run(SuiteRunner.java:286)
	at org.testng.SuiteRunnerWorker.runSuite(SuiteRunnerWorker.java:53)
	at org.testng.SuiteRunnerWorker.run(SuiteRunnerWorker.java:96)
	at org.testng.TestNG.runSuitesSequentially(TestNG.java:1187)
	at org.testng.TestNG.runSuitesLocally(TestNG.java:1109)
	at org.testng.TestNG.runSuites(TestNG.java:1039)
	at org.testng.TestNG.run(TestNG.java:1007)
	at ca.elecsoft.seeding.MainSeed.main(MainSeed.java:16)
</pre></div></td>
<td>58</td>
<td>ca.elecsoft.seeding.SeedQA3@167c1fc</td></tr>
<tr>
<td title='ca.elecsoft.seeding.SeedQA3.seedOrder()'><b>seedOrder</b><br>Test class: ca.elecsoft.seeding.SeedQA3<br>Parameters: DataSeedModel{requestType='Residential', workOrderType='Provisioning', workOrderSubType='Install - Wireless / Installation - Sans fil', serviceLocationtype='Security', province='ON', bundle='QGDAUTO', includedChoice='NA', addtionalItem=[], promotions=[], postalCode='M4V1C7', paymentMethod='Debit'}<br/>
<a href="#Output-8784140" onClick='toggleBox("Output-8784140", this, "Show output", "Hide output");'>Show output</a>

<a href="#Output-8784140" onClick="toggleAllBoxes();">Show all outputs</a>
<div class='log' id="Output-8784140">
org.openqa.selenium.UnhandledAlertException: unexpected alert open: {Alert text : Fail to load Public Key}
  (Session info: chrome=91.0.4472.101): Fail to load Public Key
Build info: version: '3.141.59', revision: 'e82be7d358', time: '2018-11-14T08:17:03'
System info: host: 'LAPTOP-Q49L3C5V', ip: '10.10.2.142', os.name: 'Windows 10', os.arch: 'x86', os.version: '10.0', java.version: '1.8.0_241'
Driver info: org.openqa.selenium.chrome.ChromeDriver
Capabilities {acceptInsecureCerts: false, browserName: chrome, browserVersion: 91.0.4472.101, chrome: {chromedriverVersion: 91.0.4472.19 (1bf021f248676..., userDataDir: C:\Users\Jonathan\AppData\L...}, goog:chromeOptions: {debuggerAddress: localhost:49435}, javascriptEnabled: true, networkConnectionEnabled: false, pageLoadStrategy: normal, platform: WINDOWS, platformName: WINDOWS, proxy: Proxy(), setWindowRect: true, strictFileInteractability: false, timeouts: {implicit: 0, pageLoad: 300000, script: 30000}, unhandledPromptBehavior: dismiss and notify, webauthn:extension:largeBlob: true, webauthn:virtualAuthenticators: true}
Session ID: 423d7229bbab950d4a671c68770a09e9<br/>
</div>
</td>
<td><div><pre>java.lang.AssertionError: did not expect [error] but found [error]
	at ca.elecsoft.seeding.SeedQA3.seedOrder(SeedQA3.java:65)
	at java.util.ArrayList.forEach(ArrayList.java:1257)
	at ca.elecsoft.seeding.MainSeed.main(MainSeed.java:16)
... Removed 27 stack frames</pre></div><a href='#' onClick='toggleBox("stack-trace8784140", this, "Click to show all stack frames", "Click to hide stack frames")'>Click to show all stack frames</a>
<div class='stack-trace' id='stack-trace8784140'><pre>java.lang.AssertionError: did not expect [error] but found [error]
	at org.testng.Assert.fail(Assert.java:97)
	at org.testng.Assert.assertNotEquals(Assert.java:1399)
	at org.testng.Assert.assertNotEquals(Assert.java:1404)
	at ca.elecsoft.seeding.SeedQA3.seedOrder(SeedQA3.java:65)
	at sun.reflect.NativeMethodAccessorImpl.invoke0(Native Method)
	at sun.reflect.NativeMethodAccessorImpl.invoke(NativeMethodAccessorImpl.java:62)
	at sun.reflect.DelegatingMethodAccessorImpl.invoke(DelegatingMethodAccessorImpl.java:43)
	at java.lang.reflect.Method.invoke(Method.java:498)
	at org.testng.internal.MethodInvocationHelper.invokeMethod(MethodInvocationHelper.java:134)
	at org.testng.internal.TestInvoker.invokeMethod(TestInvoker.java:597)
	at org.testng.internal.TestInvoker.invokeTestMethod(TestInvoker.java:173)
	at org.testng.internal.MethodRunner.runInSequence(MethodRunner.java:46)
	at org.testng.internal.TestInvoker$MethodInvocationAgent.invoke(TestInvoker.java:816)
	at org.testng.internal.TestInvoker.invokeTestMethods(TestInvoker.java:146)
	at org.testng.internal.TestMethodWorker.invokeTestMethods(TestMethodWorker.java:146)
	at org.testng.internal.TestMethodWorker.run(TestMethodWorker.java:128)
	at java.util.ArrayList.forEach(ArrayList.java:1257)
	at org.testng.TestRunner.privateRun(TestRunner.java:766)
	at org.testng.TestRunner.run(TestRunner.java:587)
	at org.testng.SuiteRunner.runTest(SuiteRunner.java:384)
	at org.testng.SuiteRunner.runSequentially(SuiteRunner.java:378)
	at org.testng.SuiteRunner.privateRun(SuiteRunner.java:337)
	at org.testng.SuiteRunner.run(SuiteRunner.java:286)
	at org.testng.SuiteRunnerWorker.runSuite(SuiteRunnerWorker.java:53)
	at org.testng.SuiteRunnerWorker.run(SuiteRunnerWorker.java:96)
	at org.testng.TestNG.runSuitesSequentially(TestNG.java:1187)
	at org.testng.TestNG.runSuitesLocally(TestNG.java:1109)
	at org.testng.TestNG.runSuites(TestNG.java:1039)
	at org.testng.TestNG.run(TestNG.java:1007)
	at ca.elecsoft.seeding.MainSeed.main(MainSeed.java:16)
</pre></div></td>
<td>76</td>
<td>ca.elecsoft.seeding.SeedQA3@167c1fc</td></tr>
</table><p>
</body>
</html>